# JRE version: OpenJDK Runtime Environment Temurin-21.0.12.1+1 (21.0.12.1+1) (build 21.0.12.1+1-LTS)
# Java VM: OpenJDK 64-Bit Server VM Temurin-21.0.12.1+1 (21.0.12.1+1-LTS, mixed mode, sharing, tiered, compressed oops, compressed class ptrs, parallel gc, windows-amd64)
GC Precious Log:
 CardTable entry size: 512
 CPUs: 12 total, 12 available
 Memory: 16176M
 Large Page Support: Disabled
 NUMA Support: Disabled
 Compressed Oops: Enabled (32-bit)
 Alignments: Space 512K, Generation 512K, Heap 2M
 Heap Min Capacity: 100M
 Heap Initial Capacity: 100M
 Heap Max Capacity: 2G
 Pre-touch: Disabled
 Parallel Workers: 10
Heap:
 PSYoungGen      total 1536K, used 299K [0x00000000d5580000, 0x00000000d5800000, 0x0000000100000000)
  eden space 1024K, 1% used [0x00000000d5580000,0x00000000d5582f08,0x00000000d5680000)
  from space 512K, 56% used [0x00000000d5780000,0x00000000d57c8000,0x00000000d5800000)
  to   space 512K, 0% used [0x00000000d5700000,0x00000000d5700000,0x00000000d5780000)
 ParOldGen       total 413696K, used 413578K [0x0000000080000000, 0x0000000099400000, 0x00000000d5580000)
  object space 413696K, 99% used [0x0000000080000000,0x00000000993e2928,0x0000000099400000)
 Metaspace       used 69067K, committed 70528K, reserved 1114112K
  class space    used 7358K, committed 8000K, reserved 1048576K
GC Heap History (20 events):
Event: 28.476 GC heap before
{Heap before GC invocations=780 (full 3):
 PSYoungGen      total 1536K, used 1359K [0x00000000d5580000, 0x00000000d5800000, 0x0000000100000000)
  eden space 1024K, 99% used [0x00000000d5580000,0x00000000d567ffd0,0x00000000d5680000)
  from space 512K, 65% used [0x00000000d5780000,0x00000000d57d4010,0x00000000d5800000)
  to   space 512K, 0% used [0x00000000d5700000,0x00000000d5700000,0x00000000d5780000)
 ParOldGen       total 410112K, used 410084K [0x0000000080000000, 0x0000000099080000, 0x00000000d5580000)
  object space 410112K, 99% used [0x0000000080000000,0x00000000990792b8,0x0000000099080000)
 Metaspace       used 68659K, committed 70144K, reserved 1114112K
  class space    used 7321K, committed 8000K, reserved 1048576K
}
Event: 28.478 GC heap after
{Heap after GC invocations=780 (full 3):
 PSYoungGen      total 1536K, used 256K [0x00000000d5580000, 0x00000000d5800000, 0x0000000100000000)
  eden space 1024K, 0% used [0x00000000d5580000,0x00000000d5580000,0x00000000d5680000)
  from space 512K, 50% used [0x00000000d5700000,0x00000000d5740000,0x00000000d5780000)
  to   space 512K, 0% used [0x00000000d5780000,0x00000000d5780000,0x00000000d5800000)
 ParOldGen       total 410624K, used 410164K [0x0000000080000000, 0x0000000099100000, 0x00000000d5580000)
  object space 410624K, 99% used [0x0000000080000000,0x000000009908d2b8,0x0000000099100000)
 Metaspace       used 68659K, committed 70144K, reserved 1114112K
  class space    used 7321K, committed 8000K, reserved 1048576K
}
Event: 28.541 GC heap before
{Heap before GC invocations=781 (full 3):
 PSYoungGen      total 1536K, used 1280K [0x00000000d5580000, 0x00000000d5800000, 0x0000000100000000)
  eden space 1024K, 100% used [0x00000000d5580000,0x00000000d5680000,0x00000000d5680000)
  from space 512K, 50% used [0x00000000d5700000,0x00000000d5740000,0x00000000d5780000)
  to   space 512K, 0% used [0x00000000d5780000,0x00000000d5780000,0x00000000d5800000)
 ParOldGen       total 410624K, used 410164K [0x0000000080000000, 0x0000000099100000, 0x00000000d5580000)
  object space 410624K, 99% used [0x0000000080000000,0x000000009908d2b8,0x0000000099100000)
 Metaspace       used 68661K, committed 70144K, reserved 1114112K
  class space    used 7321K, committed 8000K, reserved 1048576K
}
Event: 28.543 GC heap after
{Heap after GC invocations=781 (full 3):
 PSYoungGen      total 1536K, used 480K [0x00000000d5580000, 0x00000000d5880000, 0x0000000100000000)
  eden space 1024K, 0% used [0x00000000d5580000,0x00000000d5580000,0x00000000d5680000)
  from space 512K, 93% used [0x00000000d5780000,0x00000000d57f8000,0x00000000d5800000)
  to   space 1024K, 0% used [0x00000000d5680000,0x00000000d5680000,0x00000000d5780000)
 ParOldGen       total 410624K, used 410284K [0x0000000080000000, 0x0000000099100000, 0x00000000d5580000)
  object space 410624K, 99% used [0x0000000080000000,0x00000000990ab2b8,0x0000000099100000)
 Metaspace       used 68661K, committed 70144K, reserved 1114112K
  class space    used 7321K, committed 8000K, reserved 1048576K
}
Event: 28.570 GC heap before
{Heap before GC invocations=782 (full 3):
 PSYoungGen      total 1536K, used 1504K [0x00000000d5580000, 0x00000000d5880000, 0x0000000100000000)
  eden space 1024K, 100% used [0x00000000d5580000,0x00000000d5680000,0x00000000d5680000)
  from space 512K, 93% used [0x00000000d5780000,0x00000000d57f8000,0x00000000d5800000)
  to   space 1024K, 0% used [0x00000000d5680000,0x00000000d5680000,0x00000000d5780000)
 ParOldGen       total 410624K, used 410284K [0x0000000080000000, 0x0000000099100000, 0x00000000d5580000)
  object space 410624K, 99% used [0x0000000080000000,0x00000000990ab2b8,0x0000000099100000)
 Metaspace       used 68675K, committed 70144K, reserved 1114112K
  class space    used 7321K, committed 8000K, reserved 1048576K
}
Event: 28.573 GC heap after
{Heap after GC invocations=782 (full 3):
 PSYoungGen      total 2048K, used 608K [0x00000000d5580000, 0x00000000d5880000, 0x0000000100000000)
  eden space 1024K, 0% used [0x00000000d5580000,0x00000000d5580000,0x00000000d5680000)
  from space 1024K, 59% used [0x00000000d5680000,0x00000000d5718000,0x00000000d5780000)
  to   space 1024K, 0% used [0x00000000d5780000,0x00000000d5780000,0x00000000d5880000)
 ParOldGen       total 410624K, used 410620K [0x0000000080000000, 0x0000000099100000, 0x00000000d5580000)
  object space 410624K, 99% used [0x0000000080000000,0x00000000990ff2b8,0x0000000099100000)
 Metaspace       used 68675K, committed 70144K, reserved 1114112K
  class space    used 7321K, committed 8000K, reserved 1048576K
}
Event: 28.639 GC heap before
{Heap before GC invocations=783 (full 3):
 PSYoungGen      total 2048K, used 1624K [0x00000000d5580000, 0x00000000d5880000, 0x0000000100000000)
  eden space 1024K, 99% used [0x00000000d5580000,0x00000000d567e200,0x00000000d5680000)
  from space 1024K, 59% used [0x00000000d5680000,0x00000000d5718000,0x00000000d5780000)
  to   space 1024K, 0% used [0x00000000d5780000,0x00000000d5780000,0x00000000d5880000)
 ParOldGen       total 410624K, used 410620K [0x0000000080000000, 0x0000000099100000, 0x00000000d5580000)
  object space 410624K, 99% used [0x0000000080000000,0x00000000990ff2b8,0x0000000099100000)
 Metaspace       used 68703K, committed 70144K, reserved 1114112K
  class space    used 7321K, committed 8000K, reserved 1048576K
}
Event: 28.641 GC heap after
{Heap after GC invocations=783 (full 3):
 PSYoungGen      total 1536K, used 320K [0x00000000d5580000, 0x00000000d5800000, 0x0000000100000000)
  eden space 1024K, 0% used [0x00000000d5580000,0x00000000d5580000,0x00000000d5680000)
  from space 512K, 62% used [0x00000000d5780000,0x00000000d57d0000,0x00000000d5800000)
  to   space 512K, 0% used [0x00000000d5700000,0x00000000d5700000,0x00000000d5780000)
 ParOldGen       total 411648K, used 411148K [0x0000000080000000, 0x0000000099200000, 0x00000000d5580000)
  object space 411648K, 99% used [0x0000000080000000,0x00000000991832b8,0x0000000099200000)
 Metaspace       used 68703K, committed 70144K, reserved 1114112K
  class space    used 7321K, committed 8000K, reserved 1048576K
}
Event: 28.660 GC heap before
{Heap before GC invocations=784 (full 3):
 PSYoungGen      total 1536K, used 1344K [0x00000000d5580000, 0x00000000d5800000, 0x0000000100000000)
  eden space 1024K, 100% used [0x00000000d5580000,0x00000000d5680000,0x00000000d5680000)
  from space 512K, 62% used [0x00000000d5780000,0x00000000d57d0000,0x00000000d5800000)
  to   space 512K, 0% used [0x00000000d5700000,0x00000000d5700000,0x00000000d5780000)
 ParOldGen       total 411648K, used 411148K [0x0000000080000000, 0x0000000099200000, 0x00000000d5580000)
  object space 411648K, 99% used [0x0000000080000000,0x00000000991832b8,0x0000000099200000)
 Metaspace       used 68782K, committed 70272K, reserved 1114112K
  class space    used 7328K, committed 8000K, reserved 1048576K
}
Event: 28.663 GC heap after
{Heap after GC invocations=784 (full 3):
 PSYoungGen      total 1536K, used 448K [0x00000000d5580000, 0x00000000d5800000, 0x0000000100000000)
  eden space 1024K, 0% used [0x00000000d5580000,0x00000000d5580000,0x00000000d5680000)
  from space 512K, 87% used [0x00000000d5700000,0x00000000d5770000,0x00000000d5780000)
  to   space 512K, 0% used [0x00000000d5780000,0x00000000d5780000,0x00000000d5800000)
 ParOldGen       total 411648K, used 411220K [0x0000000080000000, 0x0000000099200000, 0x00000000d5580000)
  object space 411648K, 99% used [0x0000000080000000,0x00000000991952b8,0x0000000099200000)
 Metaspace       used 68782K, committed 70272K, reserved 1114112K
  class space    used 7328K, committed 8000K, reserved 1048576K
}
Event: 28.671 GC heap before
{Heap before GC invocations=785 (full 3):
 PSYoungGen      total 1536K, used 1470K [0x00000000d5580000, 0x00000000d5800000, 0x0000000100000000)
  eden space 1024K, 99% used [0x00000000d5580000,0x00000000d567f9e0,0x00000000d5680000)
  from space 512K, 87% used [0x00000000d5700000,0x00000000d5770000,0x00000000d5780000)
  to   space 512K, 0% used [0x00000000d5780000,0x00000000d5780000,0x00000000d5800000)
 ParOldGen       total 411648K, used 411220K [0x0000000080000000, 0x0000000099200000, 0x00000000d5580000)
  object space 411648K, 99% used [0x0000000080000000,0x00000000991952b8,0x0000000099200000)
 Metaspace       used 68819K, committed 70272K, reserved 1114112K
  class space    used 7330K, committed 8000K, reserved 1048576K
}
Event: 28.674 GC heap after
{Heap after GC invocations=785 (full 3):
 PSYoungGen      total 1536K, used 512K [0x00000000d5580000, 0x00000000d5880000, 0x0000000100000000)
  eden space 1024K, 0% used [0x00000000d5580000,0x00000000d5580000,0x00000000d5680000)
  from space 512K, 100% used [0x00000000d5780000,0x00000000d5800000,0x00000000d5800000)
  to   space 1024K, 0% used [0x00000000d5680000,0x00000000d5680000,0x00000000d5780000)
 ParOldGen       total 411648K, used 411532K [0x0000000080000000, 0x0000000099200000, 0x00000000d5580000)
  object space 411648K, 99% used [0x0000000080000000,0x00000000991e32b8,0x0000000099200000)
 Metaspace       used 68819K, committed 70272K, reserved 1114112K
  class space    used 7330K, committed 8000K, reserved 1048576K
}
Event: 28.685 GC heap before
{Heap before GC invocations=786 (full 3):
 PSYoungGen      total 1536K, used 1536K [0x00000000d5580000, 0x00000000d5880000, 0x0000000100000000)
  eden space 1024K, 100% used [0x00000000d5580000,0x00000000d5680000,0x00000000d5680000)
  from space 512K, 100% used [0x00000000d5780000,0x00000000d5800000,0x00000000d5800000)
  to   space 1024K, 0% used [0x00000000d5680000,0x00000000d5680000,0x00000000d5780000)
 ParOldGen       total 411648K, used 411532K [0x0000000080000000, 0x0000000099200000, 0x00000000d5580000)
  object space 411648K, 99% used [0x0000000080000000,0x00000000991e32b8,0x0000000099200000)
 Metaspace       used 68903K, committed 70400K, reserved 1114112K
  class space    used 7337K, committed 8000K, reserved 1048576K
}
Event: 28.688 GC heap after
{Heap after GC invocations=786 (full 3):
 PSYoungGen      total 2048K, used 416K [0x00000000d5580000, 0x00000000d5880000, 0x0000000100000000)
  eden space 1024K, 0% used [0x00000000d5580000,0x00000000d5580000,0x00000000d5680000)
  from space 1024K, 40% used [0x00000000d5680000,0x00000000d56e8000,0x00000000d5780000)
  to   space 1024K, 0% used [0x00000000d5780000,0x00000000d5780000,0x00000000d5880000)
 ParOldGen       total 412160K, used 412028K [0x0000000080000000, 0x0000000099280000, 0x00000000d5580000)
  object space 412160K, 99% used [0x0000000080000000,0x000000009925f2b8,0x0000000099280000)
 Metaspace       used 68903K, committed 70400K, reserved 1114112K
  class space    used 7337K, committed 8000K, reserved 1048576K
}
Event: 28.721 GC heap before
{Heap before GC invocations=787 (full 3):
 PSYoungGen      total 2048K, used 1440K [0x00000000d5580000, 0x00000000d5880000, 0x0000000100000000)
  eden space 1024K, 100% used [0x00000000d5580000,0x00000000d5680000,0x00000000d5680000)
  from space 1024K, 40% used [0x00000000d5680000,0x00000000d56e8000,0x00000000d5780000)
  to   space 1024K, 0% used [0x00000000d5780000,0x00000000d5780000,0x00000000d5880000)
 ParOldGen       total 412160K, used 412028K [0x0000000080000000, 0x0000000099280000, 0x00000000d5580000)
  object space 412160K, 99% used [0x0000000080000000,0x000000009925f2b8,0x0000000099280000)
 Metaspace       used 69027K, committed 70464K, reserved 1114112K
  class space    used 7353K, committed 8000K, reserved 1048576K
}
Event: 28.724 GC heap after
{Heap after GC invocations=787 (full 3):
 PSYoungGen      total 1536K, used 384K [0x00000000d5580000, 0x00000000d5800000, 0x0000000100000000)
  eden space 1024K, 0% used [0x00000000d5580000,0x00000000d5580000,0x00000000d5680000)
  from space 512K, 75% used [0x00000000d5780000,0x00000000d57e0000,0x00000000d5800000)
  to   space 512K, 0% used [0x00000000d5700000,0x00000000d5700000,0x00000000d5780000)
 ParOldGen       total 412672K, used 412404K [0x0000000080000000, 0x0000000099300000, 0x00000000d5580000)
  object space 412672K, 99% used [0x0000000080000000,0x00000000992bd2b8,0x0000000099300000)
 Metaspace       used 69027K, committed 70464K, reserved 1114112K
  class space    used 7353K, committed 8000K, reserved 1048576K
}
Event: 28.762 GC heap before
{Heap before GC invocations=788 (full 3):
 PSYoungGen      total 1536K, used 1306K [0x00000000d5580000, 0x00000000d5800000, 0x0000000100000000)
  eden space 1024K, 90% used [0x00000000d5580000,0x00000000d5666b50,0x00000000d5680000)
  from space 512K, 75% used [0x00000000d5780000,0x00000000d57e0000,0x00000000d5800000)
  to   space 512K, 0% used [0x00000000d5700000,0x00000000d5700000,0x00000000d5780000)
 ParOldGen       total 412672K, used 412404K [0x0000000080000000, 0x0000000099300000, 0x00000000d5580000)
  object space 412672K, 99% used [0x0000000080000000,0x00000000992bd2b8,0x0000000099300000)
 Metaspace       used 69037K, committed 70464K, reserved 1114112K
  class space    used 7354K, committed 8000K, reserved 1048576K
}
Event: 28.764 GC heap after
{Heap after GC invocations=788 (full 3):
 PSYoungGen      total 1536K, used 288K [0x00000000d5580000, 0x00000000d5800000, 0x0000000100000000)
  eden space 1024K, 0% used [0x00000000d5580000,0x00000000d5580000,0x00000000d5680000)
  from space 512K, 56% used [0x00000000d5700000,0x00000000d5748000,0x00000000d5780000)
  to   space 512K, 0% used [0x00000000d5780000,0x00000000d5780000,0x00000000d5800000)
 ParOldGen       total 412672K, used 412620K [0x0000000080000000, 0x0000000099300000, 0x00000000d5580000)
  object space 412672K, 99% used [0x0000000080000000,0x00000000992f32b8,0x0000000099300000)
 Metaspace       used 69037K, committed 70464K, reserved 1114112K
  class space    used 7354K, committed 8000K, reserved 1048576K
}
Event: 28.949 GC heap before
{Heap before GC invocations=789 (full 3):
 PSYoungGen      total 1536K, used 1312K [0x00000000d5580000, 0x00000000d5800000, 0x0000000100000000)
  eden space 1024K, 100% used [0x00000000d5580000,0x00000000d5680000,0x00000000d5680000)
  from space 512K, 56% used [0x00000000d5700000,0x00000000d5748000,0x00000000d5780000)
  to   space 512K, 0% used [0x00000000d5780000,0x00000000d5780000,0x00000000d5800000)
 ParOldGen       total 412672K, used 412620K [0x0000000080000000, 0x0000000099300000, 0x00000000d5580000)
  object space 412672K, 99% used [0x0000000080000000,0x00000000992f32b8,0x0000000099300000)
 Metaspace       used 69054K, committed 70528K, reserved 1114112K
  class space    used 7356K, committed 8000K, reserved 1048576K
}
Event: 28.951 GC heap after
{Heap after GC invocations=789 (full 3):
 PSYoungGen      total 1536K, used 320K [0x00000000d5580000, 0x00000000d5800000, 0x0000000100000000)
  eden space 1024K, 0% used [0x00000000d5580000,0x00000000d5580000,0x00000000d5680000)
  from space 512K, 62% used [0x00000000d5780000,0x00000000d57d0000,0x00000000d5800000)
  to   space 512K, 0% used [0x00000000d5700000,0x00000000d5700000,0x00000000d5780000)
 ParOldGen       total 413184K, used 412796K [0x0000000080000000, 0x0000000099380000, 0x00000000d5580000)
  object space 413184K, 99% used [0x0000000080000000,0x000000009931f2b8,0x0000000099380000)
 Metaspace       used 69054K, committed 70528K, reserved 1114112K
  class space    used 7356K, committed 8000K, reserved 1048576K
}

